<?xml version="1.0" encoding="UTF-8"?>
<testng-results ignored="0" total="6" passed="5" failed="1" skipped="0">
  <reporter-output>
  </reporter-output>
  <suite started-at="2019-09-12T09:46:08Z" name="Default suite" finished-at="2019-09-12T09:46:44Z" duration-ms="36626">
    <groups>
    </groups>
    <test started-at="2019-09-12T09:46:08Z" name="Default test" finished-at="2019-09-12T09:46:44Z" duration-ms="36626">
      <class name="com.atmecs.testScripts.SelectFlight">
        <test-method is-config="true" signature="intitailizeBrowser()[pri:0, instance:com.atmecs.testScripts.SelectFlight@23986957]" started-at="2019-09-12T09:45:50Z" name="intitailizeBrowser" finished-at="2019-09-12T09:46:08Z" duration-ms="18084" status="PASS">
          <reporter-output>
          </reporter-output>
        </test-method> <!-- intitailizeBrowser -->
        <test-method signature="checkRedirection(java.lang.String, java.lang.String)[pri:1, instance:com.atmecs.testScripts.SelectFlight@23986957]" started-at="2019-09-12T09:46:09Z" name="checkRedirection" data-provider="cityinput" finished-at="2019-09-12T09:46:14Z" duration-ms="5579" status="PASS">
          <params>
            <param index="0">
              <value>
                <![CDATA[hyderabad]]>
              </value>
            </param>
            <param index="1">
              <value>
                <![CDATA[kolkata]]>
              </value>
            </param>
          </params>
          <reporter-output>
          </reporter-output>
        </test-method> <!-- checkRedirection -->
        <test-method signature="checkRedirection(java.lang.String, java.lang.String)[pri:1, instance:com.atmecs.testScripts.SelectFlight@23986957]" started-at="2019-09-12T09:46:14Z" name="checkRedirection" data-provider="cityinput" finished-at="2019-09-12T09:46:20Z" duration-ms="5193" status="PASS">
          <params>
            <param index="0">
              <value>
                <![CDATA[chennai]]>
              </value>
            </param>
            <param index="1">
              <value>
                <![CDATA[mumbai]]>
              </value>
            </param>
          </params>
          <reporter-output>
          </reporter-output>
        </test-method> <!-- checkRedirection -->
        <test-method signature="checkRedirection(java.lang.String, java.lang.String)[pri:1, instance:com.atmecs.testScripts.SelectFlight@23986957]" started-at="2019-09-12T09:46:20Z" name="checkRedirection" data-provider="cityinput" finished-at="2019-09-12T09:46:25Z" duration-ms="5119" status="PASS">
          <params>
            <param index="0">
              <value>
                <![CDATA[delhi]]>
              </value>
            </param>
            <param index="1">
              <value>
                <![CDATA[jabalpur]]>
              </value>
            </param>
          </params>
          <reporter-output>
          </reporter-output>
        </test-method> <!-- checkRedirection -->
        <test-method signature="checkRedirection(java.lang.String, java.lang.String)[pri:1, instance:com.atmecs.testScripts.SelectFlight@23986957]" started-at="2019-09-12T09:46:25Z" name="checkRedirection" data-provider="cityinput" finished-at="2019-09-12T09:46:30Z" duration-ms="5228" status="PASS">
          <params>
            <param index="0">
              <value>
                <![CDATA[mumbai]]>
              </value>
            </param>
            <param index="1">
              <value>
                <![CDATA[delhi]]>
              </value>
            </param>
          </params>
          <reporter-output>
          </reporter-output>
        </test-method> <!-- checkRedirection -->
        <test-method signature="checkRedirection(java.lang.String, java.lang.String)[pri:1, instance:com.atmecs.testScripts.SelectFlight@23986957]" started-at="2019-09-12T09:46:30Z" name="checkRedirection" data-provider="cityinput" finished-at="2019-09-12T09:46:35Z" duration-ms="5092" status="PASS">
          <params>
            <param index="0">
              <value>
                <![CDATA[BLR]]>
              </value>
            </param>
            <param index="1">
              <value>
                <![CDATA[BOM]]>
              </value>
            </param>
          </params>
          <reporter-output>
          </reporter-output>
        </test-method> <!-- checkRedirection -->
        <test-method signature="checkSortingButtonFunctionality()[pri:2, instance:com.atmecs.testScripts.SelectFlight@23986957]" started-at="2019-09-12T09:46:35Z" name="checkSortingButtonFunctionality" finished-at="2019-09-12T09:46:44Z" duration-ms="9257" status="FAIL">
          <exception class="java.lang.AssertionError">
            <message>
              <![CDATA[Flight is not selected correctly expected [true] but found [false]]]>
            </message>
            <full-stacktrace>
              <![CDATA[java.lang.AssertionError: Flight is not selected correctly expected [true] but found [false]
at org.testng.Assert.fail(Assert.java:96)
at org.testng.Assert.failNotEquals(Assert.java:776)
at org.testng.Assert.assertEqualsImpl(Assert.java:137)
at org.testng.Assert.assertEquals(Assert.java:118)
at org.testng.Assert.assertEquals(Assert.java:568)
at com.atmecs.pages.SelectFlights.isButtonDisplayed(SelectFlights.java:40)
at com.atmecs.testScripts.SelectFlight.checkSortingButtonFunctionality(SelectFlight.java:32)
at java.base/jdk.internal.reflect.NativeMethodAccessorImpl.invoke0(Native Method)
at java.base/jdk.internal.reflect.NativeMethodAccessorImpl.invoke(NativeMethodAccessorImpl.java:62)
at java.base/jdk.internal.reflect.DelegatingMethodAccessorImpl.invoke(DelegatingMethodAccessorImpl.java:43)
at java.base/java.lang.reflect.Method.invoke(Method.java:567)
at org.testng.internal.MethodInvocationHelper.invokeMethod(MethodInvocationHelper.java:124)
at org.testng.internal.Invoker.invokeMethod(Invoker.java:583)
at org.testng.internal.Invoker.invokeTestMethod(Invoker.java:719)
at org.testng.internal.Invoker.invokeTestMethods(Invoker.java:989)
at org.testng.internal.TestMethodWorker.invokeTestMethods(TestMethodWorker.java:125)
at org.testng.internal.TestMethodWorker.run(TestMethodWorker.java:109)
at org.testng.TestRunner.privateRun(TestRunner.java:648)
at org.testng.TestRunner.run(TestRunner.java:505)
at org.testng.SuiteRunner.runTest(SuiteRunner.java:455)
at org.testng.SuiteRunner.runSequentially(SuiteRunner.java:450)
at org.testng.SuiteRunner.privateRun(SuiteRunner.java:415)
at org.testng.SuiteRunner.run(SuiteRunner.java:364)
at org.testng.SuiteRunnerWorker.runSuite(SuiteRunnerWorker.java:52)
at org.testng.SuiteRunnerWorker.run(SuiteRunnerWorker.java:84)
at org.testng.TestNG.runSuitesSequentially(TestNG.java:1208)
at org.testng.TestNG.runSuitesLocally(TestNG.java:1137)
at org.testng.TestNG.runSuites(TestNG.java:1049)
at org.testng.TestNG.run(TestNG.java:1017)
at org.testng.remote.AbstractRemoteTestNG.run(AbstractRemoteTestNG.java:115)
at org.testng.remote.RemoteTestNG.initAndRun(RemoteTestNG.java:251)
at org.testng.remote.RemoteTestNG.main(RemoteTestNG.java:77)
]]>
            </full-stacktrace>
          </exception> <!-- java.lang.AssertionError -->
          <reporter-output>
          </reporter-output>
        </test-method> <!-- checkSortingButtonFunctionality -->
      </class> <!-- com.atmecs.testScripts.SelectFlight -->
    </test> <!-- Default test -->
  </suite> <!-- Default suite -->
</testng-results>
