<?xml version="1.0" encoding="UTF-8"?>
<testng-results ignored="0" total="1" passed="1" failed="0" skipped="0">
  <reporter-output>
  </reporter-output>
  <suite started-at="2019-09-11T09:21:20Z" name="Default suite" finished-at="2019-09-11T09:21:21Z" duration-ms="1277">
    <groups>
    </groups>
    <test started-at="2019-09-11T09:21:20Z" name="Default test" finished-at="2019-09-11T09:21:21Z" duration-ms="1277">
      <class name="com.atmecs.constants.MultipleElements">
        <test-method is-config="true" signature="intitailizeBrowser()[pri:0, instance:com.atmecs.constants.MultipleElements@23f7d05d]" started-at="2019-09-11T09:21:04Z" name="intitailizeBrowser" finished-at="2019-09-11T09:21:20Z" duration-ms="16029" status="PASS">
          <reporter-output>
          </reporter-output>
        </test-method> <!-- intitailizeBrowser -->
        <test-method is-config="true" signature="startReport()[pri:0, instance:com.atmecs.constants.MultipleElements@23f7d05d]" started-at="2019-09-11T09:21:20Z" name="startReport" finished-at="2019-09-11T09:21:20Z" duration-ms="295" status="PASS">
          <reporter-output>
          </reporter-output>
        </test-method> <!-- startReport -->
        <test-method signature="getElements()[pri:0, instance:com.atmecs.constants.MultipleElements@23f7d05d]" started-at="2019-09-11T09:21:20Z" name="getElements" finished-at="2019-09-11T09:21:20Z" duration-ms="352" status="PASS">
          <reporter-output>
          </reporter-output>
        </test-method> <!-- getElements -->
        <test-method is-config="true" signature="endReport()[pri:0, instance:com.atmecs.constants.MultipleElements@23f7d05d]" started-at="2019-09-11T09:21:21Z" name="endReport" finished-at="2019-09-11T09:21:21Z" duration-ms="575" status="PASS">
          <reporter-output>
          </reporter-output>
        </test-method> <!-- endReport -->
        <test-method is-config="true" signature="tearDown(org.testng.ITestResult)[pri:0, instance:com.atmecs.constants.MultipleElements@23f7d05d]" started-at="2019-09-11T09:21:21Z" name="tearDown" finished-at="2019-09-11T09:21:21Z" duration-ms="0" status="FAIL">
          <exception class="org.testng.TestNGException">
            <message>
              <![CDATA[
Can inject only one of <ITestContext, XmlTest> into a @AfterTest annotated tearDown.
For more information on native dependency injection please refer to http://testng.org/doc/documentation-main.html#native-dependency-injection]]>
            </message>
            <full-stacktrace>
              <![CDATA[org.testng.TestNGException: 
Can inject only one of <ITestContext, XmlTest> into a @AfterTest annotated tearDown.
For more information on native dependency injection please refer to http://testng.org/doc/documentation-main.html#native-dependency-injection
at org.testng.internal.Parameters.checkParameterTypes(Parameters.java:407)
at org.testng.internal.Parameters.createParametersForMethod(Parameters.java:356)
at org.testng.internal.Parameters.createParameters(Parameters.java:635)
at org.testng.internal.Parameters.createConfigurationParameters(Parameters.java:190)
at org.testng.internal.Invoker.invokeConfigurations(Invoker.java:209)
at org.testng.internal.Invoker.invokeConfigurations(Invoker.java:142)
at org.testng.TestRunner.afterRun(TestRunner.java:725)
at org.testng.TestRunner.run(TestRunner.java:509)
at org.testng.SuiteRunner.runTest(SuiteRunner.java:455)
at org.testng.SuiteRunner.runSequentially(SuiteRunner.java:450)
at org.testng.SuiteRunner.privateRun(SuiteRunner.java:415)
at org.testng.SuiteRunner.run(SuiteRunner.java:364)
at org.testng.SuiteRunnerWorker.runSuite(SuiteRunnerWorker.java:52)
at org.testng.SuiteRunnerWorker.run(SuiteRunnerWorker.java:84)
at org.testng.TestNG.runSuitesSequentially(TestNG.java:1208)
at org.testng.TestNG.runSuitesLocally(TestNG.java:1137)
at org.testng.TestNG.runSuites(TestNG.java:1049)
at org.testng.TestNG.run(TestNG.java:1017)
at org.testng.remote.AbstractRemoteTestNG.run(AbstractRemoteTestNG.java:115)
at org.testng.remote.RemoteTestNG.initAndRun(RemoteTestNG.java:251)
at org.testng.remote.RemoteTestNG.main(RemoteTestNG.java:77)
]]>
            </full-stacktrace>
          </exception> <!-- org.testng.TestNGException -->
          <reporter-output>
          </reporter-output>
        </test-method> <!-- tearDown -->
      </class> <!-- com.atmecs.constants.MultipleElements -->
    </test> <!-- Default test -->
  </suite> <!-- Default suite -->
</testng-results>
